2022-09-14 20:02:04.705  INFO 3224 --- [main] com.bebop.EdenApplication                : Starting EdenApplication using Java 1.8.0_331 on 192.168.0.103 with PID 3224 (/Users/fredbebop/Developer/IdeaProjects/eden/core/target/classes started by fredbebop in /Users/fredbebop/Developer/IdeaProjects/eden)
2022-09-14 20:02:04.707 DEBUG 3224 --- [main] com.bebop.EdenApplication                : Running with Spring Boot v2.7.3, Spring v5.3.22
2022-09-14 20:02:04.707  INFO 3224 --- [main] com.bebop.EdenApplication                : The following 1 profile is active: "test"
2022-09-14 20:02:05.351  WARN 3224 --- [main] o.m.s.mapper.ClassPathMapperScanner      : No MyBatis mapper was found in '[com.bebop]' package. Please check your configuration.
2022-09-14 20:02:05.639  INFO 3224 --- [main] o.s.b.w.embedded.tomcat.TomcatWebServer  : Tomcat initialized with port(s): 8890 (http)
2022-09-14 20:02:05.646  INFO 3224 --- [main] o.apache.catalina.core.StandardService   : Starting service [Tomcat]
2022-09-14 20:02:05.646  INFO 3224 --- [main] org.apache.catalina.core.StandardEngine  : Starting Servlet engine: [Apache Tomcat/9.0.65]
2022-09-14 20:02:05.729  INFO 3224 --- [main] o.a.c.c.C.[Tomcat].[localhost].[/]       : Initializing Spring embedded WebApplicationContext
2022-09-14 20:02:05.729  INFO 3224 --- [main] w.s.c.ServletWebServerApplicationContext : Root WebApplicationContext: initialization completed in 987 ms
2022-09-14 20:02:05.752  INFO 3224 --- [main] com.zaxxer.hikari.HikariDataSource       : HikariPool-1 - Starting...
2022-09-14 20:02:05.874  INFO 3224 --- [main] com.zaxxer.hikari.HikariDataSource       : HikariPool-1 - Start completed.
2022-09-14 20:02:05.884  INFO 3224 --- [main] o.s.b.a.h2.H2ConsoleAutoConfiguration    : H2 console available at '/h2-console'. Database available at 'jdbc:h2:~/Developer/IdeaProjects/eden/h2/h2_test'
2022-09-14 20:02:06.311  INFO 3224 --- [main] o.s.b.a.w.s.WelcomePageHandlerMapping    : Adding welcome page template: index
2022-09-14 20:02:06.477  INFO 3224 --- [main] o.s.b.w.embedded.tomcat.TomcatWebServer  : Tomcat started on port(s): 8890 (http) with context path ''
2022-09-14 20:02:06.553  INFO 3224 --- [main] com.bebop.EdenApplication                : Started EdenApplication in 2.222 seconds (JVM running for 2.666)
2022-09-14 20:02:22.134  INFO 3224 --- [http-nio-8890-exec-1] o.a.c.c.C.[Tomcat].[localhost].[/]       : Initializing Spring DispatcherServlet 'dispatcherServlet'
2022-09-14 20:02:22.134  INFO 3224 --- [http-nio-8890-exec-1] o.s.web.servlet.DispatcherServlet        : Initializing Servlet 'dispatcherServlet'
2022-09-14 20:02:22.136  INFO 3224 --- [http-nio-8890-exec-1] o.s.web.servlet.DispatcherServlet        : Completed initialization in 1 ms
2022-09-14 20:02:42.067 DEBUG 3224 --- [http-nio-8890-exec-5] com.bebop.controller.HelloController     : 日志测试
2022-09-14 20:02:42.067  INFO 3224 --- [http-nio-8890-exec-5] com.bebop.controller.HelloController     : 日志测试
2022-09-14 20:02:42.067  WARN 3224 --- [http-nio-8890-exec-5] com.bebop.controller.HelloController     : 日志测试
2022-09-14 20:02:42.067 ERROR 3224 --- [http-nio-8890-exec-5] com.bebop.controller.HelloController     : 日志测试
